[ 2015-02-26T22:54:57+08:00 ] 192.168.1.103 /HBCMobileAdmin/index.php/HomeTeamJudge/saveJudgementResult
INFO: [ app_init ] --START--
INFO: Run Behavior\BuildLiteBehavior [ RunTime:0.000010s ]
INFO: [ app_init ] --END-- [ RunTime:0.000341s ]
ERR: 无法加载模块:HomeTeamJudge

[ 2015-02-26T22:56:51+08:00 ] 192.168.1.103 /HBCMobileAdmin/index.php/HomeTeamJudge/saveJudgementResult
INFO: [ app_init ] --START--
INFO: Run Behavior\BuildLiteBehavior [ RunTime:0.000037s ]
INFO: [ app_init ] --END-- [ RunTime:0.001021s ]
ERR: 无法加载模块:HomeTeamJudge

[ 2015-02-26T22:56:52+08:00 ] 192.168.1.103 /HBCMobileAdmin/index.php/HomeTeamJudge/saveJudgementResult
INFO: [ app_init ] --START--
INFO: Run Behavior\BuildLiteBehavior [ RunTime:0.000024s ]
INFO: [ app_init ] --END-- [ RunTime:0.000611s ]
ERR: 无法加载模块:HomeTeamJudge

[ 2015-02-26T22:56:53+08:00 ] 192.168.1.103 /HBCMobileAdmin/index.php/HomeTeamJudge/saveJudgementResult
INFO: [ app_init ] --START--
INFO: Run Behavior\BuildLiteBehavior [ RunTime:0.000024s ]
INFO: [ app_init ] --END-- [ RunTime:0.000596s ]
ERR: 无法加载模块:HomeTeamJudge

[ 2015-02-26T22:56:53+08:00 ] 192.168.1.103 /HBCMobileAdmin/index.php/HomeTeamJudge/saveJudgementResult
INFO: [ app_init ] --START--
INFO: Run Behavior\BuildLiteBehavior [ RunTime:0.000021s ]
INFO: [ app_init ] --END-- [ RunTime:0.000512s ]
ERR: 无法加载模块:HomeTeamJudge

[ 2015-02-26T22:56:53+08:00 ] 192.168.1.103 /HBCMobileAdmin/index.php/HomeTeamJudge/saveJudgementResult
INFO: [ app_init ] --START--
INFO: Run Behavior\BuildLiteBehavior [ RunTime:0.000023s ]
INFO: [ app_init ] --END-- [ RunTime:0.000588s ]
ERR: 无法加载模块:HomeTeamJudge

[ 2015-02-26T22:56:54+08:00 ] 192.168.1.103 /HBCMobileAdmin/index.php/HomeTeamJudge/saveJudgementResult
INFO: [ app_init ] --START--
INFO: Run Behavior\BuildLiteBehavior [ RunTime:0.000026s ]
INFO: [ app_init ] --END-- [ RunTime:0.000686s ]
ERR: 无法加载模块:HomeTeamJudge

[ 2015-02-26T22:56:54+08:00 ] 192.168.1.103 /HBCMobileAdmin/index.php/HomeTeamJudge/saveJudgementResult
INFO: [ app_init ] --START--
INFO: Run Behavior\BuildLiteBehavior [ RunTime:0.000015s ]
INFO: [ app_init ] --END-- [ RunTime:0.000433s ]
ERR: 无法加载模块:HomeTeamJudge

[ 2015-02-26T22:57:28+08:00 ] 192.168.1.103 /HBCMobileAdmin/index.php/HomeTeamJudge/saveJudgementResult
INFO: [ app_init ] --START--
INFO: Run Behavior\BuildLiteBehavior [ RunTime:0.000023s ]
INFO: [ app_init ] --END-- [ RunTime:0.000592s ]
ERR: 无法加载模块:HomeTeamJudge

[ 2015-02-26T22:57:30+08:00 ] 192.168.1.103 /HBCMobileAdmin/index.php/HomeTeamJudge/saveJudgementResult
INFO: [ app_init ] --START--
INFO: Run Behavior\BuildLiteBehavior [ RunTime:0.000010s ]
INFO: [ app_init ] --END-- [ RunTime:0.000262s ]
ERR: 无法加载模块:HomeTeamJudge

[ 2015-02-26T22:57:30+08:00 ] 192.168.1.103 /HBCMobileAdmin/index.php/HomeTeamJudge/saveJudgementResult
INFO: [ app_init ] --START--
INFO: Run Behavior\BuildLiteBehavior [ RunTime:0.000012s ]
INFO: [ app_init ] --END-- [ RunTime:0.000296s ]
ERR: 无法加载模块:HomeTeamJudge

[ 2015-02-26T22:57:30+08:00 ] 192.168.1.103 /HBCMobileAdmin/index.php/HomeTeamJudge/saveJudgementResult
INFO: [ app_init ] --START--
INFO: Run Behavior\BuildLiteBehavior [ RunTime:0.000013s ]
INFO: [ app_init ] --END-- [ RunTime:0.000373s ]
ERR: 无法加载模块:HomeTeamJudge

[ 2015-02-26T22:57:31+08:00 ] 192.168.1.103 /HBCMobileAdmin/index.php/HomeTeamJudge/saveJudgementResult
INFO: [ app_init ] --START--
INFO: Run Behavior\BuildLiteBehavior [ RunTime:0.000016s ]
INFO: [ app_init ] --END-- [ RunTime:0.000387s ]
ERR: 无法加载模块:HomeTeamJudge

[ 2015-02-26T22:58:12+08:00 ] 192.168.1.103 /HBCMobileAdmin/index.php/HomeTeamJudge/saveJudgementResult
INFO: [ app_init ] --START--
INFO: Run Behavior\BuildLiteBehavior [ RunTime:0.000023s ]
INFO: [ app_init ] --END-- [ RunTime:0.000586s ]
ERR: 无法加载模块:HomeTeamJudge

[ 2015-02-26T22:58:13+08:00 ] 192.168.1.103 /HBCMobileAdmin/index.php/HomeTeamJudge/saveJudgementResult
INFO: [ app_init ] --START--
INFO: Run Behavior\BuildLiteBehavior [ RunTime:0.000011s ]
INFO: [ app_init ] --END-- [ RunTime:0.000257s ]
ERR: 无法加载模块:HomeTeamJudge

[ 2015-02-26T22:58:14+08:00 ] 192.168.1.103 /HBCMobileAdmin/index.php/HomeTeamJudge/saveJudgementResult
INFO: [ app_init ] --START--
INFO: Run Behavior\BuildLiteBehavior [ RunTime:0.000013s ]
INFO: [ app_init ] --END-- [ RunTime:0.000322s ]
ERR: 无法加载模块:HomeTeamJudge

[ 2015-02-26T22:58:14+08:00 ] 192.168.1.103 /HBCMobileAdmin/index.php/HomeTeamJudge/saveJudgementResult
INFO: [ app_init ] --START--
INFO: Run Behavior\BuildLiteBehavior [ RunTime:0.000023s ]
INFO: [ app_init ] --END-- [ RunTime:0.000577s ]
ERR: 无法加载模块:HomeTeamJudge

[ 2015-02-26T22:58:14+08:00 ] 192.168.1.103 /HBCMobileAdmin/index.php/HomeTeamJudge/saveJudgementResult
INFO: [ app_init ] --START--
INFO: Run Behavior\BuildLiteBehavior [ RunTime:0.000023s ]
INFO: [ app_init ] --END-- [ RunTime:0.000609s ]
ERR: 无法加载模块:HomeTeamJudge

[ 2015-02-26T22:58:15+08:00 ] 192.168.1.103 /HBCMobileAdmin/index.php/HomeTeamJudge/saveJudgementResult
INFO: [ app_init ] --START--
INFO: Run Behavior\BuildLiteBehavior [ RunTime:0.000016s ]
INFO: [ app_init ] --END-- [ RunTime:0.000426s ]
ERR: 无法加载模块:HomeTeamJudge

[ 2015-02-26T22:58:15+08:00 ] 192.168.1.103 /HBCMobileAdmin/index.php/HomeTeamJudge/saveJudgementResult
INFO: [ app_init ] --START--
INFO: Run Behavior\BuildLiteBehavior [ RunTime:0.000010s ]
INFO: [ app_init ] --END-- [ RunTime:0.000258s ]
ERR: 无法加载模块:HomeTeamJudge

[ 2015-02-26T22:58:15+08:00 ] 192.168.1.103 /HBCMobileAdmin/index.php/HomeTeamJudge/saveJudgementResult
INFO: [ app_init ] --START--
INFO: Run Behavior\BuildLiteBehavior [ RunTime:0.000038s ]
INFO: [ app_init ] --END-- [ RunTime:0.000967s ]
ERR: 无法加载模块:HomeTeamJudge

