[ 2015-04-30T13:55:40+08:00 ] 127.0.0.1 /POAAdmin/index.php/HomeWBCURDMng/saveEventType
INFO: [ app_init ] --START--
INFO: Run Behavior\BuildLiteBehavior [ RunTime:0.000011s ]
INFO: [ app_init ] --END-- [ RunTime:0.000275s ]
ERR: 无法加载模块:HomeWBCURDMng

[ 2015-04-30T13:56:32+08:00 ] 127.0.0.1 /POAAdmin/index.php/HomeWBCURDMng/saveEventType
INFO: [ app_init ] --START--
INFO: Run Behavior\BuildLiteBehavior [ RunTime:0.000011s ]
INFO: [ app_init ] --END-- [ RunTime:0.000301s ]
ERR: 无法加载模块:HomeWBCURDMng

[ 2015-04-30T13:57:10+08:00 ] 127.0.0.1 /POAAdmin/index.php/HomeWBCURDMng/saveEventScope
INFO: [ app_init ] --START--
INFO: Run Behavior\BuildLiteBehavior [ RunTime:0.000012s ]
INFO: [ app_init ] --END-- [ RunTime:0.000383s ]
ERR: 无法加载模块:HomeWBCURDMng

[ 2015-04-30T15:56:21+08:00 ] 127.0.0.1 /POAAdmin/index.php/HomeWBCURDMng/saveEventScope
INFO: [ app_init ] --START--
INFO: Run Behavior\BuildLiteBehavior [ RunTime:0.000011s ]
INFO: [ app_init ] --END-- [ RunTime:0.000315s ]
ERR: 无法加载模块:HomeWBCURDMng

[ 2015-04-30T15:58:12+08:00 ] 127.0.0.1 /POAAdmin/index.php/HomeWBCURDMng/saveEventScope
INFO: [ app_init ] --START--
INFO: Run Behavior\BuildLiteBehavior [ RunTime:0.000011s ]
INFO: [ app_init ] --END-- [ RunTime:0.000274s ]
ERR: 无法加载模块:HomeWBCURDMng

[ 2015-04-30T15:58:31+08:00 ] 127.0.0.1 /POAAdmin/index.php/HomeWBCURDMng/saveEventScope
INFO: [ app_init ] --START--
INFO: Run Behavior\BuildLiteBehavior [ RunTime:0.000011s ]
INFO: [ app_init ] --END-- [ RunTime:0.000308s ]
ERR: 无法加载模块:HomeWBCURDMng

