[ 2015-06-13T21:57:31+08:00 ] 127.0.0.1 /POAAdmin/index.php/Home/WBStaffMng/getRawUrl
INFO: [ app_init ] --START--
INFO: Run Behavior\BuildLiteBehavior [ RunTime:0.000014s ]
INFO: [ app_init ] --END-- [ RunTime:0.000744s ]
INFO: [ app_begin ] --START--
INFO: Run Behavior\ReadHtmlCacheBehavior [ RunTime:0.000629s ]
INFO: [ app_begin ] --END-- [ RunTime:0.000690s ]
NOTIC: [8] Undefined index: db_port D:\phpStudy4IIS\WWW\POAAdmin\ThinkPHP\Library\Think\Db.class.php 第 67 行.
SQL: SELECT   column_name,   data_type,   column_default,   is_nullable
        FROM    information_schema.tables AS t
        JOIN    information_schema.columns AS c
        ON  t.table_catalog = c.table_catalog
        AND t.table_schema  = c.table_schema
        AND t.table_name    = c.table_name
        WHERE   t.table_name = 'sysparameters' [ RunTime:0.0307s ]
SQL: SELECT T1.* FROM (SELECT thinkphp.*, ROW_NUMBER() OVER ( ORDER BY rand()) AS ROW_NUMBER FROM (SELECT  [vtext] FROM [sysparameters] WHERE ( [name]='eekabsc.com' )) AS thinkphp) AS T1 WHERE (T1.ROW_NUMBER BETWEEN 1 AND 1) [ RunTime:0.0044s ]

[ 2015-06-13T21:57:31+08:00 ] 127.0.0.1 /POAAdmin/index.php/Home/WBStaffMng/checkUserPWD
INFO: [ app_init ] --START--
INFO: Run Behavior\BuildLiteBehavior [ RunTime:0.000012s ]
INFO: [ app_init ] --END-- [ RunTime:0.000370s ]
INFO: [ app_begin ] --START--
INFO: Run Behavior\ReadHtmlCacheBehavior [ RunTime:0.000385s ]
INFO: [ app_begin ] --END-- [ RunTime:0.000433s ]
NOTIC: [8] Array to string conversion D:\phpStudy4IIS\WWW\POAAdmin\ThinkPHP\Library\Think\Model.class.php 第 1463 行.
NOTIC: [8] Array to string conversion D:\phpStudy4IIS\WWW\POAAdmin\ThinkPHP\Library\Think\Model.class.php 第 1392 行.
SQL: select pwdcompare('rickywang9',[Password])  cmprs from Staffs where LOWER(StaffCode) ='admin' [ RunTime:0.0036s ]

[ 2015-06-13T21:57:32+08:00 ] 127.0.0.1 /POAAdmin/index.php/Home/WBStaffMng/getUserInfo
INFO: [ app_init ] --START--
INFO: Run Behavior\BuildLiteBehavior [ RunTime:0.000014s ]
INFO: [ app_init ] --END-- [ RunTime:0.000356s ]
INFO: [ app_begin ] --START--
INFO: Run Behavior\ReadHtmlCacheBehavior [ RunTime:0.000630s ]
INFO: [ app_begin ] --END-- [ RunTime:0.000682s ]
SQL: SELECT   column_name,   data_type,   column_default,   is_nullable
        FROM    information_schema.tables AS t
        JOIN    information_schema.columns AS c
        ON  t.table_catalog = c.table_catalog
        AND t.table_schema  = c.table_schema
        AND t.table_name    = c.table_name
        WHERE   t.table_name = 'staff_object' [ RunTime:0.0200s ]
NOTIC: [8] Undefined index: db_port D:\phpStudy4IIS\WWW\POAAdmin\ThinkPHP\Library\Think\Db.class.php 第 67 行.
SQL: SELECT   column_name,   data_type,   column_default,   is_nullable
        FROM    information_schema.tables AS t
        JOIN    information_schema.columns AS c
        ON  t.table_catalog = c.table_catalog
        AND t.table_schema  = c.table_schema
        AND t.table_name    = c.table_name
        WHERE   t.table_name = 'staffs' [ RunTime:0.0194s ]
SQL: SELECT T1.* FROM (SELECT thinkphp.*, ROW_NUMBER() OVER ( ORDER BY rand()) AS ROW_NUMBER FROM (SELECT  [_Identify],[StaffCode],[StaffName],[IsOnJob],[IDCardNO],[Birthday],[MobileNO],[BelongDeptCode],[IsAdmin],[PicturePath],(select vstring from SysParameters where Name='DSSuffix') DSSuffix FROM [staffs] WHERE [StaffCode] = 'admin') AS thinkphp) AS T1  [ RunTime:0.0028s ]
SQL: SELECT   column_name,   data_type,   column_default,   is_nullable
        FROM    information_schema.tables AS t
        JOIN    information_schema.columns AS c
        ON  t.table_catalog = c.table_catalog
        AND t.table_schema  = c.table_schema
        AND t.table_name    = c.table_name
        WHERE   t.table_name = 'vw_deptrelpersons' [ RunTime:0.0167s ]
SQL: SELECT T1.* FROM (SELECT thinkphp.*, ROW_NUMBER() OVER ( ORDER BY rand()) AS ROW_NUMBER FROM (SELECT  * FROM [vw_deptrelpersons] WHERE [StaffCode] = 'admin') AS thinkphp) AS T1  [ RunTime:0.0126s ]
SQL: SELECT   column_name,   data_type,   column_default,   is_nullable
        FROM    information_schema.tables AS t
        JOIN    information_schema.columns AS c
        ON  t.table_catalog = c.table_catalog
        AND t.table_schema  = c.table_schema
        AND t.table_name    = c.table_name
        WHERE   t.table_name = 'deptstaffs' [ RunTime:0.0168s ]
SQL: SELECT T1.* FROM (SELECT thinkphp.*, ROW_NUMBER() OVER ( ORDER BY rand()) AS ROW_NUMBER FROM (SELECT  DISTINCT  reltype as rolename FROM [deptstaffs] WHERE [StaffCode] = 'admin') AS thinkphp) AS T1  [ RunTime:0.0020s ]
SQL: SELECT T1.* FROM (SELECT thinkphp.*, ROW_NUMBER() OVER ( ORDER BY rand()) AS ROW_NUMBER FROM (SELECT  [BelongDeptCode] FROM [staffs] WHERE [StaffCode] = 'admin') AS thinkphp) AS T1 WHERE (T1.ROW_NUMBER BETWEEN 1 AND 1) [ RunTime:0.0017s ]
SQL: SELECT T1.* FROM (SELECT thinkphp.*, ROW_NUMBER() OVER ( ORDER BY rand()) AS ROW_NUMBER FROM (SELECT  * FROM [vw_deptrelpersons] WHERE [DeptCode] = '10025') AS thinkphp) AS T1  [ RunTime:0.0067s ]
SQL: SELECT   column_name,   data_type,   column_default,   is_nullable
        FROM    information_schema.tables AS t
        JOIN    information_schema.columns AS c
        ON  t.table_catalog = c.table_catalog
        AND t.table_schema  = c.table_schema
        AND t.table_name    = c.table_name
        WHERE   t.table_name = 'viewstaffevents' [ RunTime:0.0176s ]
SQL: SELECT T1.* FROM (SELECT thinkphp.*, ROW_NUMBER() OVER ( ORDER BY eventscopeorder, eventtypeorder,eventorder) AS ROW_NUMBER FROM (SELECT  * FROM [viewstaffevents] WHERE [StaffCode] = 'admin') AS thinkphp) AS T1  [ RunTime:0.0203s ]

[ 2015-06-13T21:57:32+08:00 ] 127.0.0.1 /POAAdmin/index.php/Home/WBParaMng/getWBMenu
INFO: [ app_init ] --START--
INFO: Run Behavior\BuildLiteBehavior [ RunTime:0.000014s ]
INFO: [ app_init ] --END-- [ RunTime:0.000447s ]
INFO: [ app_begin ] --START--
INFO: Run Behavior\ReadHtmlCacheBehavior [ RunTime:0.000520s ]
INFO: [ app_begin ] --END-- [ RunTime:0.000566s ]
NOTIC: [8] Undefined index: db_port D:\phpStudy4IIS\WWW\POAAdmin\ThinkPHP\Library\Think\Db.class.php 第 67 行.
SQL: SELECT   column_name,   data_type,   column_default,   is_nullable
        FROM    information_schema.tables AS t
        JOIN    information_schema.columns AS c
        ON  t.table_catalog = c.table_catalog
        AND t.table_schema  = c.table_schema
        AND t.table_name    = c.table_name
        WHERE   t.table_name = 'staffs' [ RunTime:0.0004s ]
SQL: SELECT T1.* FROM (SELECT thinkphp.*, ROW_NUMBER() OVER ( ORDER BY rand()) AS ROW_NUMBER FROM (SELECT  [IsAdmin] FROM [staffs] WHERE [StaffCode] = 'admin') AS thinkphp) AS T1 WHERE (T1.ROW_NUMBER BETWEEN 1 AND 1) [ RunTime:0.0032s ]
SQL: SELECT   column_name,   data_type,   column_default,   is_nullable
        FROM    information_schema.tables AS t
        JOIN    information_schema.columns AS c
        ON  t.table_catalog = c.table_catalog
        AND t.table_schema  = c.table_schema
        AND t.table_name    = c.table_name
        WHERE   t.table_name = 'sysparameters' [ RunTime:0.0004s ]
SQL: SELECT T1.* FROM (SELECT thinkphp.*, ROW_NUMBER() OVER ( ORDER BY rand()) AS ROW_NUMBER FROM (SELECT  [VText] FROM [sysparameters] WHERE [Name] = 'wbmenu_admin') AS thinkphp) AS T1 WHERE (T1.ROW_NUMBER BETWEEN 1 AND 1) [ RunTime:0.0022s ]
INFO: [ app_end ] --START--
INFO: Run Behavior\ShowPageTraceBehavior [ RunTime:0.000827s ]
INFO: [ app_end ] --END-- [ RunTime:0.000874s ]

[ 2015-06-13T21:57:32+08:00 ] 127.0.0.1 /POAAdmin/index.php/Home/WBParaMng/getWBMenu
INFO: [ app_init ] --START--
INFO: Run Behavior\BuildLiteBehavior [ RunTime:0.000021s ]
INFO: [ app_init ] --END-- [ RunTime:0.000408s ]
INFO: [ app_begin ] --START--
INFO: Run Behavior\ReadHtmlCacheBehavior [ RunTime:0.000478s ]
INFO: [ app_begin ] --END-- [ RunTime:0.000522s ]
NOTIC: [8] Undefined index: db_port D:\phpStudy4IIS\WWW\POAAdmin\ThinkPHP\Library\Think\Db.class.php 第 67 行.
SQL: SELECT   column_name,   data_type,   column_default,   is_nullable
        FROM    information_schema.tables AS t
        JOIN    information_schema.columns AS c
        ON  t.table_catalog = c.table_catalog
        AND t.table_schema  = c.table_schema
        AND t.table_name    = c.table_name
        WHERE   t.table_name = 'staffs' [ RunTime:0.0007s ]
SQL: SELECT T1.* FROM (SELECT thinkphp.*, ROW_NUMBER() OVER ( ORDER BY rand()) AS ROW_NUMBER FROM (SELECT  [IsAdmin] FROM [staffs] WHERE [StaffCode] = 'admin') AS thinkphp) AS T1 WHERE (T1.ROW_NUMBER BETWEEN 1 AND 1) [ RunTime:0.0002s ]
SQL: SELECT   column_name,   data_type,   column_default,   is_nullable
        FROM    information_schema.tables AS t
        JOIN    information_schema.columns AS c
        ON  t.table_catalog = c.table_catalog
        AND t.table_schema  = c.table_schema
        AND t.table_name    = c.table_name
        WHERE   t.table_name = 'sysparameters' [ RunTime:0.0003s ]
SQL: SELECT T1.* FROM (SELECT thinkphp.*, ROW_NUMBER() OVER ( ORDER BY rand()) AS ROW_NUMBER FROM (SELECT  [VText] FROM [sysparameters] WHERE [Name] = 'wbmenu_admin') AS thinkphp) AS T1 WHERE (T1.ROW_NUMBER BETWEEN 1 AND 1) [ RunTime:0.0002s ]
INFO: [ app_end ] --START--
INFO: Run Behavior\ShowPageTraceBehavior [ RunTime:0.000643s ]
INFO: [ app_end ] --END-- [ RunTime:0.000690s ]

[ 2015-06-13T21:57:32+08:00 ] 127.0.0.1 /POAAdmin/index.php/Home/Index/checkAuth
INFO: [ app_init ] --START--
INFO: Run Behavior\BuildLiteBehavior [ RunTime:0.000020s ]
INFO: [ app_init ] --END-- [ RunTime:0.000475s ]
INFO: [ app_begin ] --START--
INFO: Run Behavior\ReadHtmlCacheBehavior [ RunTime:0.000693s ]
INFO: [ app_begin ] --END-- [ RunTime:0.000763s ]

[ 2015-06-13T21:57:32+08:00 ] 127.0.0.1 /POAAdmin/index.php/Home/WBScoreMng/queryScoreRecord
INFO: [ app_init ] --START--
INFO: Run Behavior\BuildLiteBehavior [ RunTime:0.000022s ]
INFO: [ app_init ] --END-- [ RunTime:0.000541s ]
INFO: [ app_begin ] --START--
INFO: Run Behavior\ReadHtmlCacheBehavior [ RunTime:0.001227s ]
INFO: [ app_begin ] --END-- [ RunTime:0.001310s ]
SQL: SELECT   column_name,   data_type,   column_default,   is_nullable
        FROM    information_schema.tables AS t
        JOIN    information_schema.columns AS c
        ON  t.table_catalog = c.table_catalog
        AND t.table_schema  = c.table_schema
        AND t.table_name    = c.table_name
        WHERE   t.table_name = 'score_object' [ RunTime:0.0524s ]
NOTIC: [8] Undefined index: db_port D:\phpStudy4IIS\WWW\POAAdmin\ThinkPHP\Library\Think\Db.class.php 第 67 行.
SQL: SELECT   column_name,   data_type,   column_default,   is_nullable
        FROM    information_schema.tables AS t
        JOIN    information_schema.columns AS c
        ON  t.table_catalog = c.table_catalog
        AND t.table_schema  = c.table_schema
        AND t.table_name    = c.table_name
        WHERE   t.table_name = 'viewscorerecords' [ RunTime:0.0429s ]
SQL: SELECT T1.* FROM (SELECT thinkphp.*, ROW_NUMBER() OVER ( ORDER BY RecordTime desc) AS ROW_NUMBER FROM (SELECT  [_identify],[recordcode],[recordtype],convert(varchar(10),[recordtime],23) recordtime,[staffcode],[staffname],[deptcode],[deptname],[deptsname],[incenttype],[event],[eventcode],[eventtype],[eventscope],[eventremark],[yscore],[xscore],[tvalue],[tscore],[atvalue],[vtvalue],[tsaleqty],[auditstate],[auditdate],[auditorname],(case when auditstate='批准' then 1 else case when auditstate='拒绝' then 0 else 2 end end) auditvalue FROM [viewscorerecords] WHERE ( AuditState = '待审核' and AuditorCode = 'admin' )) AS thinkphp) AS T1 WHERE (T1.ROW_NUMBER BETWEEN 0 + 1 AND 0 + 5000) [ RunTime:0.0489s ]

[ 2015-06-13T21:57:32+08:00 ] 127.0.0.1 /POAAdmin/index.php/Home/WBVIPMng/getCurMonthPlan
INFO: [ app_init ] --START--
INFO: Run Behavior\BuildLiteBehavior [ RunTime:0.000019s ]
INFO: [ app_init ] --END-- [ RunTime:0.000634s ]
INFO: [ app_begin ] --START--
INFO: Run Behavior\ReadHtmlCacheBehavior [ RunTime:0.000757s ]
INFO: [ app_begin ] --END-- [ RunTime:0.000856s ]
NOTIC: [8] Undefined index: _Locked D:\phpStudy4IIS\WWW\POAAdmin\Index\Home\Controller\WBVIPMngController.class.php 第 85 行.
SQL: SELECT   column_name,   data_type,   column_default,   is_nullable
        FROM    information_schema.tables AS t
        JOIN    information_schema.columns AS c
        ON  t.table_catalog = c.table_catalog
        AND t.table_schema  = c.table_schema
        AND t.table_name    = c.table_name
        WHERE   t.table_name = 'Customers' [ RunTime:0.0326s ]
NOTIC: [8] Undefined index: db_port D:\phpStudy4IIS\WWW\POAAdmin\ThinkPHP\Library\Think\Db.class.php 第 67 行.
SQL: SELECT   column_name,   data_type,   column_default,   is_nullable
        FROM    information_schema.tables AS t
        JOIN    information_schema.columns AS c
        ON  t.table_catalog = c.table_catalog
        AND t.table_schema  = c.table_schema
        AND t.table_name    = c.table_name
        WHERE   t.table_name = 'customers' [ RunTime:0.0600s ]
SQL: SELECT T1.* FROM (SELECT thinkphp.*, ROW_NUMBER() OVER ( ORDER BY rand()) AS ROW_NUMBER FROM (SELECT  [CustomerCode],[CustomerName],[MobileNo],[MaintainerCode],[Staffname],[AnzBuyNearity],[AnzContNearity],[AnzMidTermBuyMoney],[AnzMidTermBuyFreq],case when  AnzTotalScore is null then  0 else AnzTotalScore end  AnzTotalScore,case when  AnzEmotionDegree is null then  0 else AnzEmotionDegree end  AnzEmotionDegree,[NtBirthDate],[NtMateBirthDate],[NtChildBirthDate],[NtWeddingAnniDate],[AnzImportantLevel],[AnzStateLevel],[AnzBuyHabitQuad] FROM [customers] left join VW_Staffs on MaintainerCode=StaffCode left join VW_Depts on BelongStoreCode=DeptCode  WHERE [MaintainerCode] = 'admin' AND ( NtContDate is not null and CONVERT(varchar(7),NtContDate,23)<=CONVERT(varchar(7),GETDATE()+7,23) )) AS thinkphp) AS T1 WHERE (T1.ROW_NUMBER BETWEEN 0 + 1 AND 0 + 5000) [ RunTime:0.0715s ]

[ 2015-06-13T21:57:33+08:00 ] 127.0.0.1 /POAAdmin/index.php/Home/WBVIPMng/getCurMonthPlan
INFO: [ app_init ] --START--
INFO: Run Behavior\BuildLiteBehavior [ RunTime:0.000019s ]
INFO: [ app_init ] --END-- [ RunTime:0.000625s ]
INFO: [ app_begin ] --START--
INFO: Run Behavior\ReadHtmlCacheBehavior [ RunTime:0.000694s ]
INFO: [ app_begin ] --END-- [ RunTime:0.000748s ]
NOTIC: [8] Undefined index: _Locked D:\phpStudy4IIS\WWW\POAAdmin\Index\Home\Controller\WBVIPMngController.class.php 第 85 行.
SQL: SELECT   column_name,   data_type,   column_default,   is_nullable
        FROM    information_schema.tables AS t
        JOIN    information_schema.columns AS c
        ON  t.table_catalog = c.table_catalog
        AND t.table_schema  = c.table_schema
        AND t.table_name    = c.table_name
        WHERE   t.table_name = 'Customers' [ RunTime:0.0006s ]
NOTIC: [8] Undefined index: db_port D:\phpStudy4IIS\WWW\POAAdmin\ThinkPHP\Library\Think\Db.class.php 第 67 行.
SQL: SELECT   column_name,   data_type,   column_default,   is_nullable
        FROM    information_schema.tables AS t
        JOIN    information_schema.columns AS c
        ON  t.table_catalog = c.table_catalog
        AND t.table_schema  = c.table_schema
        AND t.table_name    = c.table_name
        WHERE   t.table_name = 'customers' [ RunTime:0.0008s ]
SQL: SELECT T1.* FROM (SELECT thinkphp.*, ROW_NUMBER() OVER ( ORDER BY rand()) AS ROW_NUMBER FROM (SELECT  [CustomerCode],[CustomerName],[MobileNo],[MaintainerCode],[Staffname],[AnzBuyNearity],[AnzContNearity],[AnzMidTermBuyMoney],[AnzMidTermBuyFreq],case when  AnzTotalScore is null then  0 else AnzTotalScore end  AnzTotalScore,case when  AnzEmotionDegree is null then  0 else AnzEmotionDegree end  AnzEmotionDegree,[NtBirthDate],[NtMateBirthDate],[NtChildBirthDate],[NtWeddingAnniDate],[AnzImportantLevel],[AnzStateLevel],[AnzBuyHabitQuad] FROM [customers] left join VW_Staffs on MaintainerCode=StaffCode left join VW_Depts on BelongStoreCode=DeptCode  WHERE [MaintainerCode] = 'admin' AND (  PlanInviteDate is not null and convert(varchar(10),PlanInviteDate,23)<=convert(varchar(10),GetDate()+7,23) )) AS thinkphp) AS T1 WHERE (T1.ROW_NUMBER BETWEEN 0 + 1 AND 0 + 5000) [ RunTime:0.0161s ]

[ 2015-06-13T21:57:33+08:00 ] 127.0.0.1 /POAAdmin/index.php/Home/WBScoreMng/queryScoreRecord
INFO: [ app_init ] --START--
INFO: Run Behavior\BuildLiteBehavior [ RunTime:0.000019s ]
INFO: [ app_init ] --END-- [ RunTime:0.000607s ]
INFO: [ app_begin ] --START--
INFO: Run Behavior\ReadHtmlCacheBehavior [ RunTime:0.000622s ]
INFO: [ app_begin ] --END-- [ RunTime:0.000690s ]
SQL: SELECT   column_name,   data_type,   column_default,   is_nullable
        FROM    information_schema.tables AS t
        JOIN    information_schema.columns AS c
        ON  t.table_catalog = c.table_catalog
        AND t.table_schema  = c.table_schema
        AND t.table_name    = c.table_name
        WHERE   t.table_name = 'score_object' [ RunTime:0.0004s ]
NOTIC: [8] Undefined index: db_port D:\phpStudy4IIS\WWW\POAAdmin\ThinkPHP\Library\Think\Db.class.php 第 67 行.
SQL: SELECT   column_name,   data_type,   column_default,   is_nullable
        FROM    information_schema.tables AS t
        JOIN    information_schema.columns AS c
        ON  t.table_catalog = c.table_catalog
        AND t.table_schema  = c.table_schema
        AND t.table_name    = c.table_name
        WHERE   t.table_name = 'viewscorerecords' [ RunTime:0.0007s ]
SQL: SELECT T1.* FROM (SELECT thinkphp.*, ROW_NUMBER() OVER ( ORDER BY RecordTime desc) AS ROW_NUMBER FROM (SELECT  [_identify],[recordcode],[recordtype],convert(varchar(10),[recordtime],23) recordtime,[staffcode],[staffname],[deptcode],[deptname],[deptsname],[incenttype],[event],[eventcode],[eventtype],[eventscope],[eventremark],[yscore],[xscore],[tvalue],[tscore],[atvalue],[vtvalue],[tsaleqty],[auditstate],[auditdate],[auditorname],(case when auditstate='批准' then 1 else case when auditstate='拒绝' then 0 else 2 end end) auditvalue FROM [viewscorerecords] WHERE ( AppealState = '待仲裁' and AppealDealer = 'admin' )) AS thinkphp) AS T1 WHERE (T1.ROW_NUMBER BETWEEN 0 + 1 AND 0 + 5000) [ RunTime:0.0139s ]

[ 2015-06-13T21:57:33+08:00 ] 127.0.0.1 /POAAdmin/index.php/Home/WBVIPMng/getCurMonthPlan
INFO: [ app_init ] --START--
INFO: Run Behavior\BuildLiteBehavior [ RunTime:0.000014s ]
INFO: [ app_init ] --END-- [ RunTime:0.000408s ]
INFO: [ app_begin ] --START--
INFO: Run Behavior\ReadHtmlCacheBehavior [ RunTime:0.000561s ]
INFO: [ app_begin ] --END-- [ RunTime:0.000657s ]
NOTIC: [8] Undefined index: _Locked D:\phpStudy4IIS\WWW\POAAdmin\Index\Home\Controller\WBVIPMngController.class.php 第 85 行.
SQL: SELECT   column_name,   data_type,   column_default,   is_nullable
        FROM    information_schema.tables AS t
        JOIN    information_schema.columns AS c
        ON  t.table_catalog = c.table_catalog
        AND t.table_schema  = c.table_schema
        AND t.table_name    = c.table_name
        WHERE   t.table_name = 'Customers' [ RunTime:0.0005s ]
NOTIC: [8] Undefined index: db_port D:\phpStudy4IIS\WWW\POAAdmin\ThinkPHP\Library\Think\Db.class.php 第 67 行.
SQL: SELECT   column_name,   data_type,   column_default,   is_nullable
        FROM    information_schema.tables AS t
        JOIN    information_schema.columns AS c
        ON  t.table_catalog = c.table_catalog
        AND t.table_schema  = c.table_schema
        AND t.table_name    = c.table_name
        WHERE   t.table_name = 'customers' [ RunTime:0.0008s ]
SQL: SELECT T1.* FROM (SELECT thinkphp.*, ROW_NUMBER() OVER ( ORDER BY rand()) AS ROW_NUMBER FROM (SELECT  [CustomerCode],[CustomerName],[MobileNo],[MaintainerCode],[Staffname],[AnzBuyNearity],[AnzContNearity],[AnzMidTermBuyMoney],[AnzMidTermBuyFreq],case when  AnzTotalScore is null then  0 else AnzTotalScore end  AnzTotalScore,case when  AnzEmotionDegree is null then  0 else AnzEmotionDegree end  AnzEmotionDegree,[NtBirthDate],[NtMateBirthDate],[NtChildBirthDate],[NtWeddingAnniDate],[AnzImportantLevel],[AnzStateLevel],[AnzBuyHabitQuad] FROM [customers] left join VW_Staffs on MaintainerCode=StaffCode left join VW_Depts on BelongStoreCode=DeptCode  WHERE [MaintainerCode] = 'admin' AND ( ((NtBirthDate>=substring(CONVERT(varchar(10),GETDATE(),23),6,5) and NtBirthDate<=substring(CONVERT(varchar(10),GETDATE()+3,23),6,5)) or (NtMateBirthDate>=substring(CONVERT(varchar(10),GETDATE(),23),6,5) and NtBirthDate<=substring(CONVERT(varchar(10),GETDATE()+3,23),6,5)) or (NtChildBirthDate>=substring(CONVERT(varchar(10),GETDATE(),23),6,5) and NtChildBirthDate<=substring(CONVERT(varchar(10),GETDATE()+3,23),6,5)) or (NtWeddingAnniDate>=substring(CONVERT(varchar(10),GETDATE(),23),6,5) and NtWeddingAnniDate<=substring(CONVERT(varchar(10),GETDATE()+3,23),6,5))) )) AS thinkphp) AS T1 WHERE (T1.ROW_NUMBER BETWEEN 0 + 1 AND 0 + 5000) [ RunTime:0.0225s ]

[ 2015-06-13T21:57:34+08:00 ] 127.0.0.1 /POAAdmin/index.php/Home/Index/checkAuth
INFO: [ app_init ] --START--
INFO: Run Behavior\BuildLiteBehavior [ RunTime:0.000016s ]
INFO: [ app_init ] --END-- [ RunTime:0.000414s ]
INFO: [ app_begin ] --START--
INFO: Run Behavior\ReadHtmlCacheBehavior [ RunTime:0.000469s ]
INFO: [ app_begin ] --END-- [ RunTime:0.000511s ]

[ 2015-06-13T21:57:34+08:00 ] 127.0.0.1 /POAAdmin/index.php/Home/WBUpLoadFile/getImportData
INFO: [ app_init ] --START--
INFO: Run Behavior\BuildLiteBehavior [ RunTime:0.000011s ]
INFO: [ app_init ] --END-- [ RunTime:0.000335s ]
INFO: [ app_begin ] --START--
INFO: Run Behavior\ReadHtmlCacheBehavior [ RunTime:0.000430s ]
INFO: [ app_begin ] --END-- [ RunTime:0.000510s ]
NOTIC: [8] Undefined index: db_port D:\phpStudy4IIS\WWW\POAAdmin\ThinkPHP\Library\Think\Db.class.php 第 67 行.
NOTIC: [8] Undefined index: db_port D:\phpStudy4IIS\WWW\POAAdmin\ThinkPHP\Library\Think\Db.class.php 第 67 行.
SQL: SELECT   column_name,   data_type,   column_default,   is_nullable
        FROM    information_schema.tables AS t
        JOIN    information_schema.columns AS c
        ON  t.table_catalog = c.table_catalog
        AND t.table_schema  = c.table_schema
        AND t.table_name    = c.table_name
        WHERE   t.table_name = 'sqllist' [ RunTime:0.0171s ]
SQL: SELECT T1.* FROM (SELECT thinkphp.*, ROW_NUMBER() OVER ( ORDER BY rand()) AS ROW_NUMBER FROM (SELECT  [SQLCode] FROM [sqllist] WHERE ( SQLIndex='WBSQL_ImpSaleData' )) AS thinkphp) AS T1 WHERE (T1.ROW_NUMBER BETWEEN 1 AND 1) [ RunTime:0.0078s ]
SQL: select RankOrder,SaleBillCode,RecordDate,SaleMoney,SaleQty,CustomerCode,SKUCode,Year,WaveBand,Theme,Series,TicketPrice,CustomerName,MobileNo,Brand
from 
(
	SELECT [渠道四级名称] RegionCode,[渠道五级名称] DeptName ,[会员名称] CustomerName,[会员编号] CustomerCode ,
	[会员手机号码] MobileNo,[会员归属品牌] Brand, [产品编号] SKUCode,[产品年代] Year,[产品波段] WaveBand,
	[产品主题] Theme,[产品系列] Series,[吊牌价] TicketPrice,[零售单号] SaleBillCode,[_记录日期] RecordDate,
	[总销售金额] SaleMoney,[总销售数量] SaleQty, ROW_NUMBER () over(order by [消费日期],[零售单号]) RankOrder
	  FROM [TempSaleBill]
) as a
 where RankOrder>(1-1)*200 and RankOrder<=1*200 [ RunTime:0.0138s ]

[ 2015-06-13T21:57:37+08:00 ] 127.0.0.1 /POAAdmin/index.php/Home/WBUpLoadFile/clearImportData
INFO: [ app_init ] --START--
INFO: Run Behavior\BuildLiteBehavior [ RunTime:0.000011s ]
INFO: [ app_init ] --END-- [ RunTime:0.000331s ]
INFO: [ app_begin ] --START--
INFO: Run Behavior\ReadHtmlCacheBehavior [ RunTime:0.000408s ]
INFO: [ app_begin ] --END-- [ RunTime:0.000449s ]
NOTIC: [8] Undefined index: db_port D:\phpStudy4IIS\WWW\POAAdmin\ThinkPHP\Library\Think\Db.class.php 第 67 行.
SQL:  truncate table TempSaleBill [ RunTime:0.0103s ]

[ 2015-06-13T21:57:45+08:00 ] 127.0.0.1 /POAAdmin/index.php/Home/WBUpLoadFile/importExcel2DB
INFO: [ app_init ] --START--
INFO: Run Behavior\BuildLiteBehavior [ RunTime:0.000016s ]
INFO: [ app_init ] --END-- [ RunTime:0.000435s ]
INFO: [ app_begin ] --START--
INFO: Run Behavior\ReadHtmlCacheBehavior [ RunTime:0.000495s ]
INFO: [ app_begin ] --END-- [ RunTime:0.000540s ]
NOTIC: [2] call_user_func() expects parameter 1 to be a valid callback, no array or string given D:\phpStudy4IIS\WWW\POAAdmin\ThinkPHP\Library\Think\Upload.class.php 第 170 行.
SQL: SELECT   column_name,   data_type,   column_default,   is_nullable
        FROM    information_schema.tables AS t
        JOIN    information_schema.columns AS c
        ON  t.table_catalog = c.table_catalog
        AND t.table_schema  = c.table_schema
        AND t.table_name    = c.table_name
        WHERE   t.table_name = 'debug' [ RunTime:0.0189s ]
NOTIC: [8] Undefined index: db_port D:\phpStudy4IIS\WWW\POAAdmin\ThinkPHP\Library\Think\Db.class.php 第 67 行.
SQL: SELECT   column_name,   data_type,   column_default,   is_nullable
        FROM    information_schema.tables AS t
        JOIN    information_schema.columns AS c
        ON  t.table_catalog = c.table_catalog
        AND t.table_schema  = c.table_schema
        AND t.table_name    = c.table_name
        WHERE   t.table_name = 'debug' [ RunTime:0.0004s ]
SQL: INSERT INTO [debug] ([Label],[Context],[Time]) VALUES ('savepath','./UpLoads/20150613/557c36d92e76e.xls','2015-06-13 21:57:45') [ RunTime:0.0026s ]
NOTIC: [8] Undefined index: db_port D:\phpStudy4IIS\WWW\POAAdmin\ThinkPHP\Library\Think\Db.class.php 第 67 行.
ERR: SQLSTATE[42S22]: [Microsoft][SQL Server Native Client 10.0][SQL Server]列名 '会员销售金额' 无效。

[ 2015-06-13T21:57:47+08:00 ] 127.0.0.1 /POAAdmin/index.php/Home/WBUpLoadFile/getImportData
INFO: [ app_init ] --START--
INFO: Run Behavior\BuildLiteBehavior [ RunTime:0.000011s ]
INFO: [ app_init ] --END-- [ RunTime:0.000367s ]
INFO: [ app_begin ] --START--
INFO: Run Behavior\ReadHtmlCacheBehavior [ RunTime:0.000854s ]
INFO: [ app_begin ] --END-- [ RunTime:0.000912s ]
NOTIC: [8] Undefined index: db_port D:\phpStudy4IIS\WWW\POAAdmin\ThinkPHP\Library\Think\Db.class.php 第 67 行.
NOTIC: [8] Undefined index: db_port D:\phpStudy4IIS\WWW\POAAdmin\ThinkPHP\Library\Think\Db.class.php 第 67 行.
SQL: SELECT   column_name,   data_type,   column_default,   is_nullable
        FROM    information_schema.tables AS t
        JOIN    information_schema.columns AS c
        ON  t.table_catalog = c.table_catalog
        AND t.table_schema  = c.table_schema
        AND t.table_name    = c.table_name
        WHERE   t.table_name = 'sqllist' [ RunTime:0.0005s ]
SQL: SELECT T1.* FROM (SELECT thinkphp.*, ROW_NUMBER() OVER ( ORDER BY rand()) AS ROW_NUMBER FROM (SELECT  [SQLCode] FROM [sqllist] WHERE ( SQLIndex='WBSQL_ImpSaleData' )) AS thinkphp) AS T1 WHERE (T1.ROW_NUMBER BETWEEN 1 AND 1) [ RunTime:0.0003s ]
SQL: select RankOrder,SaleBillCode,RecordDate,SaleMoney,SaleQty,CustomerCode,SKUCode,Year,WaveBand,Theme,Series,TicketPrice,CustomerName,MobileNo,Brand
from 
(
	SELECT [渠道四级名称] RegionCode,[渠道五级名称] DeptName ,[会员名称] CustomerName,[会员编号] CustomerCode ,
	[会员手机号码] MobileNo,[会员归属品牌] Brand, [产品编号] SKUCode,[产品年代] Year,[产品波段] WaveBand,
	[产品主题] Theme,[产品系列] Series,[吊牌价] TicketPrice,[零售单号] SaleBillCode,[_记录日期] RecordDate,
	[总销售金额] SaleMoney,[总销售数量] SaleQty, ROW_NUMBER () over(order by [消费日期],[零售单号]) RankOrder
	  FROM [TempSaleBill]
) as a
 where RankOrder>(2-1)*200 and RankOrder<=2*200 [ RunTime:0.0078s ]

[ 2015-06-13T21:57:48+08:00 ] 127.0.0.1 /POAAdmin/index.php/Home/WBUpLoadFile/getImportData
INFO: [ app_init ] --START--
INFO: Run Behavior\BuildLiteBehavior [ RunTime:0.000012s ]
INFO: [ app_init ] --END-- [ RunTime:0.000413s ]
INFO: [ app_begin ] --START--
INFO: Run Behavior\ReadHtmlCacheBehavior [ RunTime:0.000572s ]
INFO: [ app_begin ] --END-- [ RunTime:0.000622s ]
NOTIC: [8] Undefined index: db_port D:\phpStudy4IIS\WWW\POAAdmin\ThinkPHP\Library\Think\Db.class.php 第 67 行.
NOTIC: [8] Undefined index: db_port D:\phpStudy4IIS\WWW\POAAdmin\ThinkPHP\Library\Think\Db.class.php 第 67 行.
SQL: SELECT   column_name,   data_type,   column_default,   is_nullable
        FROM    information_schema.tables AS t
        JOIN    information_schema.columns AS c
        ON  t.table_catalog = c.table_catalog
        AND t.table_schema  = c.table_schema
        AND t.table_name    = c.table_name
        WHERE   t.table_name = 'sqllist' [ RunTime:0.0005s ]
SQL: SELECT T1.* FROM (SELECT thinkphp.*, ROW_NUMBER() OVER ( ORDER BY rand()) AS ROW_NUMBER FROM (SELECT  [SQLCode] FROM [sqllist] WHERE ( SQLIndex='WBSQL_ImpSaleData' )) AS thinkphp) AS T1 WHERE (T1.ROW_NUMBER BETWEEN 1 AND 1) [ RunTime:0.0003s ]
SQL: select RankOrder,SaleBillCode,RecordDate,SaleMoney,SaleQty,CustomerCode,SKUCode,Year,WaveBand,Theme,Series,TicketPrice,CustomerName,MobileNo,Brand
from 
(
	SELECT [渠道四级名称] RegionCode,[渠道五级名称] DeptName ,[会员名称] CustomerName,[会员编号] CustomerCode ,
	[会员手机号码] MobileNo,[会员归属品牌] Brand, [产品编号] SKUCode,[产品年代] Year,[产品波段] WaveBand,
	[产品主题] Theme,[产品系列] Series,[吊牌价] TicketPrice,[零售单号] SaleBillCode,[_记录日期] RecordDate,
	[总销售金额] SaleMoney,[总销售数量] SaleQty, ROW_NUMBER () over(order by [消费日期],[零售单号]) RankOrder
	  FROM [TempSaleBill]
) as a
 where RankOrder>(1-1)*200 and RankOrder<=1*200 [ RunTime:0.0026s ]

[ 2015-06-13T21:57:58+08:00 ] 127.0.0.1 /POAAdmin/index.php/Home/WBUpLoadFile/getImportData
INFO: [ app_init ] --START--
INFO: Run Behavior\BuildLiteBehavior [ RunTime:0.000013s ]
INFO: [ app_init ] --END-- [ RunTime:0.000384s ]
INFO: [ app_begin ] --START--
INFO: Run Behavior\ReadHtmlCacheBehavior [ RunTime:0.000553s ]
INFO: [ app_begin ] --END-- [ RunTime:0.000592s ]
NOTIC: [8] Undefined index: db_port D:\phpStudy4IIS\WWW\POAAdmin\ThinkPHP\Library\Think\Db.class.php 第 67 行.
NOTIC: [8] Undefined index: db_port D:\phpStudy4IIS\WWW\POAAdmin\ThinkPHP\Library\Think\Db.class.php 第 67 行.
SQL: SELECT   column_name,   data_type,   column_default,   is_nullable
        FROM    information_schema.tables AS t
        JOIN    information_schema.columns AS c
        ON  t.table_catalog = c.table_catalog
        AND t.table_schema  = c.table_schema
        AND t.table_name    = c.table_name
        WHERE   t.table_name = 'sqllist' [ RunTime:0.0005s ]
SQL: SELECT T1.* FROM (SELECT thinkphp.*, ROW_NUMBER() OVER ( ORDER BY rand()) AS ROW_NUMBER FROM (SELECT  [SQLCode] FROM [sqllist] WHERE ( SQLIndex='WBSQL_ImpSaleData' )) AS thinkphp) AS T1 WHERE (T1.ROW_NUMBER BETWEEN 1 AND 1) [ RunTime:0.0002s ]
SQL: select RankOrder,SaleBillCode,RecordDate,SaleMoney,SaleQty,CustomerCode,SKUCode,Year,WaveBand,Theme,Series,TicketPrice,CustomerName,MobileNo,Brand
from 
(
	SELECT [渠道四级名称] RegionCode,[渠道五级名称] DeptName ,[会员名称] CustomerName,[会员编号] CustomerCode ,
	[会员手机号码] MobileNo,[会员归属品牌] Brand, [产品编号] SKUCode,[产品年代] Year,[产品波段] WaveBand,
	[产品主题] Theme,[产品系列] Series,[吊牌价] TicketPrice,[零售单号] SaleBillCode,[_记录日期] RecordDate,
	[总销售金额] SaleMoney,[总销售数量] SaleQty, ROW_NUMBER () over(order by [消费日期],[零售单号]) RankOrder
	  FROM [TempSaleBill]
) as a
 where RankOrder>(1-1)*200 and RankOrder<=1*200 [ RunTime:0.0003s ]

[ 2015-06-13T21:57:59+08:00 ] 127.0.0.1 /POAAdmin/index.php/Home/WBUpLoadFile/getImportData
INFO: [ app_init ] --START--
INFO: Run Behavior\BuildLiteBehavior [ RunTime:0.000011s ]
INFO: [ app_init ] --END-- [ RunTime:0.000436s ]
INFO: [ app_begin ] --START--
INFO: Run Behavior\ReadHtmlCacheBehavior [ RunTime:0.000550s ]
INFO: [ app_begin ] --END-- [ RunTime:0.000607s ]
NOTIC: [8] Undefined index: db_port D:\phpStudy4IIS\WWW\POAAdmin\ThinkPHP\Library\Think\Db.class.php 第 67 行.
NOTIC: [8] Undefined index: db_port D:\phpStudy4IIS\WWW\POAAdmin\ThinkPHP\Library\Think\Db.class.php 第 67 行.
SQL: SELECT   column_name,   data_type,   column_default,   is_nullable
        FROM    information_schema.tables AS t
        JOIN    information_schema.columns AS c
        ON  t.table_catalog = c.table_catalog
        AND t.table_schema  = c.table_schema
        AND t.table_name    = c.table_name
        WHERE   t.table_name = 'sqllist' [ RunTime:0.0006s ]
SQL: SELECT T1.* FROM (SELECT thinkphp.*, ROW_NUMBER() OVER ( ORDER BY rand()) AS ROW_NUMBER FROM (SELECT  [SQLCode] FROM [sqllist] WHERE ( SQLIndex='WBSQL_ImpSaleData' )) AS thinkphp) AS T1 WHERE (T1.ROW_NUMBER BETWEEN 1 AND 1) [ RunTime:0.0002s ]
SQL: select RankOrder,SaleBillCode,RecordDate,SaleMoney,SaleQty,CustomerCode,SKUCode,Year,WaveBand,Theme,Series,TicketPrice,CustomerName,MobileNo,Brand
from 
(
	SELECT [渠道四级名称] RegionCode,[渠道五级名称] DeptName ,[会员名称] CustomerName,[会员编号] CustomerCode ,
	[会员手机号码] MobileNo,[会员归属品牌] Brand, [产品编号] SKUCode,[产品年代] Year,[产品波段] WaveBand,
	[产品主题] Theme,[产品系列] Series,[吊牌价] TicketPrice,[零售单号] SaleBillCode,[_记录日期] RecordDate,
	[总销售金额] SaleMoney,[总销售数量] SaleQty, ROW_NUMBER () over(order by [消费日期],[零售单号]) RankOrder
	  FROM [TempSaleBill]
) as a
 where RankOrder>(2-1)*200 and RankOrder<=2*200 [ RunTime:0.0003s ]

[ 2015-06-13T21:58:02+08:00 ] 127.0.0.1 /POAAdmin/index.php/Home/WBUpLoadFile/getImportData
INFO: [ app_init ] --START--
INFO: Run Behavior\BuildLiteBehavior [ RunTime:0.000014s ]
INFO: [ app_init ] --END-- [ RunTime:0.000363s ]
INFO: [ app_begin ] --START--
INFO: Run Behavior\ReadHtmlCacheBehavior [ RunTime:0.000554s ]
INFO: [ app_begin ] --END-- [ RunTime:0.000594s ]
NOTIC: [8] Undefined index: db_port D:\phpStudy4IIS\WWW\POAAdmin\ThinkPHP\Library\Think\Db.class.php 第 67 行.
NOTIC: [8] Undefined index: db_port D:\phpStudy4IIS\WWW\POAAdmin\ThinkPHP\Library\Think\Db.class.php 第 67 行.
SQL: SELECT   column_name,   data_type,   column_default,   is_nullable
        FROM    information_schema.tables AS t
        JOIN    information_schema.columns AS c
        ON  t.table_catalog = c.table_catalog
        AND t.table_schema  = c.table_schema
        AND t.table_name    = c.table_name
        WHERE   t.table_name = 'sqllist' [ RunTime:0.0005s ]
SQL: SELECT T1.* FROM (SELECT thinkphp.*, ROW_NUMBER() OVER ( ORDER BY rand()) AS ROW_NUMBER FROM (SELECT  [SQLCode] FROM [sqllist] WHERE ( SQLIndex='WBSQL_ImpSaleData' )) AS thinkphp) AS T1 WHERE (T1.ROW_NUMBER BETWEEN 1 AND 1) [ RunTime:0.0003s ]
SQL: select RankOrder,SaleBillCode,RecordDate,SaleMoney,SaleQty,CustomerCode,SKUCode,Year,WaveBand,Theme,Series,TicketPrice,CustomerName,MobileNo,Brand
from 
(
	SELECT [渠道四级名称] RegionCode,[渠道五级名称] DeptName ,[会员名称] CustomerName,[会员编号] CustomerCode ,
	[会员手机号码] MobileNo,[会员归属品牌] Brand, [产品编号] SKUCode,[产品年代] Year,[产品波段] WaveBand,
	[产品主题] Theme,[产品系列] Series,[吊牌价] TicketPrice,[零售单号] SaleBillCode,[_记录日期] RecordDate,
	[总销售金额] SaleMoney,[总销售数量] SaleQty, ROW_NUMBER () over(order by [消费日期],[零售单号]) RankOrder
	  FROM [TempSaleBill]
) as a
 where RankOrder>(1-1)*200 and RankOrder<=1*200 [ RunTime:0.0003s ]

[ 2015-06-13T21:58:59+08:00 ] 127.0.0.1 /POAAdmin/index.php/Home/WBUpLoadFile/getImportData
INFO: [ app_init ] --START--
INFO: Run Behavior\BuildLiteBehavior [ RunTime:0.000011s ]
INFO: [ app_init ] --END-- [ RunTime:0.000331s ]
INFO: [ app_begin ] --START--
INFO: Run Behavior\ReadHtmlCacheBehavior [ RunTime:0.000601s ]
INFO: [ app_begin ] --END-- [ RunTime:0.000657s ]
NOTIC: [8] Undefined index: db_port D:\phpStudy4IIS\WWW\POAAdmin\ThinkPHP\Library\Think\Db.class.php 第 67 行.
NOTIC: [8] Undefined index: db_port D:\phpStudy4IIS\WWW\POAAdmin\ThinkPHP\Library\Think\Db.class.php 第 67 行.
SQL: SELECT   column_name,   data_type,   column_default,   is_nullable
        FROM    information_schema.tables AS t
        JOIN    information_schema.columns AS c
        ON  t.table_catalog = c.table_catalog
        AND t.table_schema  = c.table_schema
        AND t.table_name    = c.table_name
        WHERE   t.table_name = 'sqllist' [ RunTime:0.0005s ]
SQL: SELECT T1.* FROM (SELECT thinkphp.*, ROW_NUMBER() OVER ( ORDER BY rand()) AS ROW_NUMBER FROM (SELECT  [SQLCode] FROM [sqllist] WHERE ( SQLIndex='WBSQL_ImpSaleData' )) AS thinkphp) AS T1 WHERE (T1.ROW_NUMBER BETWEEN 1 AND 1) [ RunTime:0.0003s ]
SQL: select RankOrder,SaleBillCode,RecordDate,SaleMoney,SaleQty,CustomerCode,SKUCode,Year,WaveBand,Theme,Series,TicketPrice,CustomerName,MobileNo,Brand
from 
(
	SELECT [渠道四级名称] RegionCode,[渠道五级名称] DeptName ,[会员名称] CustomerName,[会员编号] CustomerCode ,
	[会员手机号码] MobileNo,[会员归属品牌] Brand, [产品编号] SKUCode,[产品年代] Year,[产品波段] WaveBand,
	[产品主题] Theme,[产品系列] Series,[吊牌价] TicketPrice,[零售单号] SaleBillCode,[_记录日期] RecordDate,
	[总销售金额] SaleMoney,[总销售数量] SaleQty, ROW_NUMBER () over(order by [消费日期],[零售单号]) RankOrder
	  FROM [TempSaleBill]
) as a
 where RankOrder>(2-1)*200 and RankOrder<=2*200 [ RunTime:0.0004s ]

[ 2015-06-13T21:58:59+08:00 ] 127.0.0.1 /POAAdmin/index.php/Home/WBUpLoadFile/getImportData
INFO: [ app_init ] --START--
INFO: Run Behavior\BuildLiteBehavior [ RunTime:0.000011s ]
INFO: [ app_init ] --END-- [ RunTime:0.000327s ]
INFO: [ app_begin ] --START--
INFO: Run Behavior\ReadHtmlCacheBehavior [ RunTime:0.000544s ]
INFO: [ app_begin ] --END-- [ RunTime:0.000582s ]
NOTIC: [8] Undefined index: db_port D:\phpStudy4IIS\WWW\POAAdmin\ThinkPHP\Library\Think\Db.class.php 第 67 行.
NOTIC: [8] Undefined index: db_port D:\phpStudy4IIS\WWW\POAAdmin\ThinkPHP\Library\Think\Db.class.php 第 67 行.
SQL: SELECT   column_name,   data_type,   column_default,   is_nullable
        FROM    information_schema.tables AS t
        JOIN    information_schema.columns AS c
        ON  t.table_catalog = c.table_catalog
        AND t.table_schema  = c.table_schema
        AND t.table_name    = c.table_name
        WHERE   t.table_name = 'sqllist' [ RunTime:0.0005s ]
SQL: SELECT T1.* FROM (SELECT thinkphp.*, ROW_NUMBER() OVER ( ORDER BY rand()) AS ROW_NUMBER FROM (SELECT  [SQLCode] FROM [sqllist] WHERE ( SQLIndex='WBSQL_ImpSaleData' )) AS thinkphp) AS T1 WHERE (T1.ROW_NUMBER BETWEEN 1 AND 1) [ RunTime:0.0003s ]
SQL: select RankOrder,SaleBillCode,RecordDate,SaleMoney,SaleQty,CustomerCode,SKUCode,Year,WaveBand,Theme,Series,TicketPrice,CustomerName,MobileNo,Brand
from 
(
	SELECT [渠道四级名称] RegionCode,[渠道五级名称] DeptName ,[会员名称] CustomerName,[会员编号] CustomerCode ,
	[会员手机号码] MobileNo,[会员归属品牌] Brand, [产品编号] SKUCode,[产品年代] Year,[产品波段] WaveBand,
	[产品主题] Theme,[产品系列] Series,[吊牌价] TicketPrice,[零售单号] SaleBillCode,[_记录日期] RecordDate,
	[总销售金额] SaleMoney,[总销售数量] SaleQty, ROW_NUMBER () over(order by [消费日期],[零售单号]) RankOrder
	  FROM [TempSaleBill]
) as a
 where RankOrder>(1-1)*200 and RankOrder<=1*200 [ RunTime:0.0004s ]

[ 2015-06-13T21:59:03+08:00 ] 127.0.0.1 /POAAdmin/index.php/Home/WBParaMng/getWBMenu
INFO: [ app_init ] --START--
INFO: Run Behavior\BuildLiteBehavior [ RunTime:0.000018s ]
INFO: [ app_init ] --END-- [ RunTime:0.000568s ]
INFO: [ app_begin ] --START--
INFO: Run Behavior\ReadHtmlCacheBehavior [ RunTime:0.000628s ]
INFO: [ app_begin ] --END-- [ RunTime:0.000671s ]
NOTIC: [8] Undefined index: db_port D:\phpStudy4IIS\WWW\POAAdmin\ThinkPHP\Library\Think\Db.class.php 第 67 行.
SQL: SELECT   column_name,   data_type,   column_default,   is_nullable
        FROM    information_schema.tables AS t
        JOIN    information_schema.columns AS c
        ON  t.table_catalog = c.table_catalog
        AND t.table_schema  = c.table_schema
        AND t.table_name    = c.table_name
        WHERE   t.table_name = 'staffs' [ RunTime:0.0006s ]
SQL: SELECT T1.* FROM (SELECT thinkphp.*, ROW_NUMBER() OVER ( ORDER BY rand()) AS ROW_NUMBER FROM (SELECT  [IsAdmin] FROM [staffs] WHERE [StaffCode] = 'admin') AS thinkphp) AS T1 WHERE (T1.ROW_NUMBER BETWEEN 1 AND 1) [ RunTime:0.0001s ]
SQL: SELECT   column_name,   data_type,   column_default,   is_nullable
        FROM    information_schema.tables AS t
        JOIN    information_schema.columns AS c
        ON  t.table_catalog = c.table_catalog
        AND t.table_schema  = c.table_schema
        AND t.table_name    = c.table_name
        WHERE   t.table_name = 'sysparameters' [ RunTime:0.0003s ]
SQL: SELECT T1.* FROM (SELECT thinkphp.*, ROW_NUMBER() OVER ( ORDER BY rand()) AS ROW_NUMBER FROM (SELECT  [VText] FROM [sysparameters] WHERE [Name] = 'wbmenu_admin') AS thinkphp) AS T1 WHERE (T1.ROW_NUMBER BETWEEN 1 AND 1) [ RunTime:0.0002s ]
INFO: [ app_end ] --START--
INFO: Run Behavior\ShowPageTraceBehavior [ RunTime:0.001058s ]
INFO: [ app_end ] --END-- [ RunTime:0.001110s ]

[ 2015-06-13T21:59:03+08:00 ] 127.0.0.1 /POAAdmin/index.php/Home/WBUpLoadFile/getImportData
INFO: [ app_init ] --START--
INFO: Run Behavior\BuildLiteBehavior [ RunTime:0.000030s ]
INFO: [ app_init ] --END-- [ RunTime:0.000488s ]
INFO: [ app_begin ] --START--
INFO: Run Behavior\ReadHtmlCacheBehavior [ RunTime:0.000666s ]
INFO: [ app_begin ] --END-- [ RunTime:0.000733s ]
NOTIC: [8] Undefined index: db_port D:\phpStudy4IIS\WWW\POAAdmin\ThinkPHP\Library\Think\Db.class.php 第 67 行.
NOTIC: [8] Undefined index: db_port D:\phpStudy4IIS\WWW\POAAdmin\ThinkPHP\Library\Think\Db.class.php 第 67 行.
SQL: SELECT   column_name,   data_type,   column_default,   is_nullable
        FROM    information_schema.tables AS t
        JOIN    information_schema.columns AS c
        ON  t.table_catalog = c.table_catalog
        AND t.table_schema  = c.table_schema
        AND t.table_name    = c.table_name
        WHERE   t.table_name = 'sqllist' [ RunTime:0.0003s ]
SQL: SELECT T1.* FROM (SELECT thinkphp.*, ROW_NUMBER() OVER ( ORDER BY rand()) AS ROW_NUMBER FROM (SELECT  [SQLCode] FROM [sqllist] WHERE ( SQLIndex='WBSQL_ImpSaleData' )) AS thinkphp) AS T1 WHERE (T1.ROW_NUMBER BETWEEN 1 AND 1) [ RunTime:0.0002s ]
SQL: select RankOrder,SaleBillCode,RecordDate,SaleMoney,SaleQty,CustomerCode,SKUCode,Year,WaveBand,Theme,Series,TicketPrice,CustomerName,MobileNo,Brand
from 
(
	SELECT [渠道四级名称] RegionCode,[渠道五级名称] DeptName ,[会员名称] CustomerName,[会员编号] CustomerCode ,
	[会员手机号码] MobileNo,[会员归属品牌] Brand, [产品编号] SKUCode,[产品年代] Year,[产品波段] WaveBand,
	[产品主题] Theme,[产品系列] Series,[吊牌价] TicketPrice,[零售单号] SaleBillCode,[_记录日期] RecordDate,
	[总销售金额] SaleMoney,[总销售数量] SaleQty, ROW_NUMBER () over(order by [消费日期],[零售单号]) RankOrder
	  FROM [TempSaleBill]
) as a
 where RankOrder>(1-1)*200 and RankOrder<=1*200 [ RunTime:0.0002s ]

[ 2015-06-13T21:59:03+08:00 ] 127.0.0.1 /POAAdmin/index.php/Home/Index/checkAuth
INFO: [ app_init ] --START--
INFO: Run Behavior\BuildLiteBehavior [ RunTime:0.000018s ]
INFO: [ app_init ] --END-- [ RunTime:0.000722s ]
INFO: [ app_begin ] --START--
INFO: Run Behavior\ReadHtmlCacheBehavior [ RunTime:0.001225s ]
INFO: [ app_begin ] --END-- [ RunTime:0.001302s ]

[ 2015-06-13T21:59:26+08:00 ] 127.0.0.1 /POAAdmin/index.php/Home/WBUpLoadFile/importExcel2DB
INFO: [ app_init ] --START--
INFO: Run Behavior\BuildLiteBehavior [ RunTime:0.000017s ]
INFO: [ app_init ] --END-- [ RunTime:0.000510s ]
INFO: [ app_begin ] --START--
INFO: Run Behavior\ReadHtmlCacheBehavior [ RunTime:0.000855s ]
INFO: [ app_begin ] --END-- [ RunTime:0.000916s ]
NOTIC: [2] call_user_func() expects parameter 1 to be a valid callback, no array or string given D:\phpStudy4IIS\WWW\POAAdmin\ThinkPHP\Library\Think\Upload.class.php 第 170 行.
SQL: SELECT   column_name,   data_type,   column_default,   is_nullable
        FROM    information_schema.tables AS t
        JOIN    information_schema.columns AS c
        ON  t.table_catalog = c.table_catalog
        AND t.table_schema  = c.table_schema
        AND t.table_name    = c.table_name
        WHERE   t.table_name = 'debug' [ RunTime:0.0005s ]
NOTIC: [8] Undefined index: db_port D:\phpStudy4IIS\WWW\POAAdmin\ThinkPHP\Library\Think\Db.class.php 第 67 行.
SQL: SELECT   column_name,   data_type,   column_default,   is_nullable
        FROM    information_schema.tables AS t
        JOIN    information_schema.columns AS c
        ON  t.table_catalog = c.table_catalog
        AND t.table_schema  = c.table_schema
        AND t.table_name    = c.table_name
        WHERE   t.table_name = 'debug' [ RunTime:0.0371s ]
SQL: INSERT INTO [debug] ([Label],[Context],[Time]) VALUES ('savepath','./UpLoads/20150613/557c373eae782.xls','2015-06-13 21:59:26') [ RunTime:0.0045s ]
NOTIC: [8] Undefined index: db_port D:\phpStudy4IIS\WWW\POAAdmin\ThinkPHP\Library\Think\Db.class.php 第 67 行.
ERR: SQLSTATE[42S22]: [Microsoft][SQL Server Native Client 10.0][SQL Server]列名 '会员销售金额' 无效。

