[ 2015-09-29T14:37:53+08:00 ] ::1 /POAAdmin/index.php/Home/Setting/getDeptGoal
INFO: [ app_init ] --START--
INFO: Run Behavior\BuildLiteBehavior [ RunTime:0.000014s ]
INFO: [ app_init ] --END-- [ RunTime:0.001239s ]
INFO: [ app_begin ] --START--
INFO: Run Behavior\ReadHtmlCacheBehavior [ RunTime:0.000993s ]
INFO: [ app_begin ] --END-- [ RunTime:0.001067s ]
NOTIC: [2] session_start(): open(D:\phpStudy4IIS\tmp\tmp\sess_c8msac9eioohhh8edmuocjds77, O_RDWR) failed: No such file or directory (2) D:\phpStudy\WWW\POAAdmin\ThinkPHP\Common\functions.php 第 1261 行.
SQL: SELECT   column_name,   data_type,   column_default,   is_nullable
        FROM    information_schema.tables AS t
        JOIN    information_schema.columns AS c
        ON  t.table_catalog = c.table_catalog
        AND t.table_schema  = c.table_schema
        AND t.table_name    = c.table_name
        WHERE   t.table_name = 'basic_object' [ RunTime:0.1201s ]
NOTIC: [8] Undefined index: db_port D:\phpStudy\WWW\POAAdmin\ThinkPHP\Library\Think\Db.class.php 第 67 行.
SQL: SELECT   column_name,   data_type,   column_default,   is_nullable
        FROM    information_schema.tables AS t
        JOIN    information_schema.columns AS c
        ON  t.table_catalog = c.table_catalog
        AND t.table_schema  = c.table_schema
        AND t.table_name    = c.table_name
        WHERE   t.table_name = 'deptgoals' [ RunTime:0.0381s ]
ERR: SQLSTATE[42S22]: [Microsoft][SQL Server Native Client 11.0][SQL Server]列名 'totaltvaluegarget' 无效。

[ 2015-09-29T14:38:30+08:00 ] ::1 /POAAdmin/index.php/Home/Setting/getDeptGoal
INFO: [ app_init ] --START--
INFO: Run Behavior\BuildLiteBehavior [ RunTime:0.000023s ]
INFO: [ app_init ] --END-- [ RunTime:0.000688s ]
INFO: [ app_begin ] --START--
INFO: Run Behavior\ReadHtmlCacheBehavior [ RunTime:0.000789s ]
INFO: [ app_begin ] --END-- [ RunTime:0.000860s ]
NOTIC: [2] session_start(): open(D:\phpStudy4IIS\tmp\tmp\sess_c8msac9eioohhh8edmuocjds77, O_RDWR) failed: No such file or directory (2) D:\phpStudy\WWW\POAAdmin\ThinkPHP\Common\functions.php 第 1261 行.
SQL: SELECT   column_name,   data_type,   column_default,   is_nullable
        FROM    information_schema.tables AS t
        JOIN    information_schema.columns AS c
        ON  t.table_catalog = c.table_catalog
        AND t.table_schema  = c.table_schema
        AND t.table_name    = c.table_name
        WHERE   t.table_name = 'basic_object' [ RunTime:0.0474s ]
NOTIC: [8] Undefined index: db_port D:\phpStudy\WWW\POAAdmin\ThinkPHP\Library\Think\Db.class.php 第 67 行.
SQL: SELECT   column_name,   data_type,   column_default,   is_nullable
        FROM    information_schema.tables AS t
        JOIN    information_schema.columns AS c
        ON  t.table_catalog = c.table_catalog
        AND t.table_schema  = c.table_schema
        AND t.table_name    = c.table_name
        WHERE   t.table_name = 'deptgoals' [ RunTime:0.0602s ]
SQL: SELECT T1.* FROM (SELECT thinkphp.*, ROW_NUMBER() OVER ( ORDER BY rand()) AS ROW_NUMBER FROM (SELECT  [deptcode],[yearmonth],[totaltvaluetarget] FROM [deptgoals] WHERE [DeptCode] = null) AS thinkphp) AS T1  [ RunTime:0.0053s ]

[ 2015-09-29T14:39:18+08:00 ] ::1 /POAAdmin/index.php/Home/Setting/getDeptGoal/deptcode/10025
INFO: [ app_init ] --START--
INFO: Run Behavior\BuildLiteBehavior [ RunTime:0.000019s ]
INFO: [ app_init ] --END-- [ RunTime:0.000499s ]
INFO: [ app_begin ] --START--
INFO: Run Behavior\ReadHtmlCacheBehavior [ RunTime:0.000585s ]
INFO: [ app_begin ] --END-- [ RunTime:0.000648s ]
NOTIC: [2] session_start(): open(D:\phpStudy4IIS\tmp\tmp\sess_c8msac9eioohhh8edmuocjds77, O_RDWR) failed: No such file or directory (2) D:\phpStudy\WWW\POAAdmin\ThinkPHP\Common\functions.php 第 1261 行.
SQL: SELECT   column_name,   data_type,   column_default,   is_nullable
        FROM    information_schema.tables AS t
        JOIN    information_schema.columns AS c
        ON  t.table_catalog = c.table_catalog
        AND t.table_schema  = c.table_schema
        AND t.table_name    = c.table_name
        WHERE   t.table_name = 'basic_object' [ RunTime:0.0520s ]
NOTIC: [8] Undefined index: db_port D:\phpStudy\WWW\POAAdmin\ThinkPHP\Library\Think\Db.class.php 第 67 行.
SQL: SELECT   column_name,   data_type,   column_default,   is_nullable
        FROM    information_schema.tables AS t
        JOIN    information_schema.columns AS c
        ON  t.table_catalog = c.table_catalog
        AND t.table_schema  = c.table_schema
        AND t.table_name    = c.table_name
        WHERE   t.table_name = 'deptgoals' [ RunTime:0.0277s ]
SQL: SELECT T1.* FROM (SELECT thinkphp.*, ROW_NUMBER() OVER ( ORDER BY rand()) AS ROW_NUMBER FROM (SELECT  [deptcode],[yearmonth],[totaltvaluetarget] FROM [deptgoals] WHERE [DeptCode] = null) AS thinkphp) AS T1  [ RunTime:0.0010s ]

[ 2015-09-29T14:40:06+08:00 ] ::1 /POAAdmin/index.php/Home/Setting/getDeptGoal/deptcode/10025
INFO: [ app_init ] --START--
INFO: Run Behavior\BuildLiteBehavior [ RunTime:0.000013s ]
INFO: [ app_init ] --END-- [ RunTime:0.000431s ]
INFO: [ app_begin ] --START--
INFO: Run Behavior\ReadHtmlCacheBehavior [ RunTime:0.000695s ]
INFO: [ app_begin ] --END-- [ RunTime:0.000755s ]
NOTIC: [2] session_start(): open(D:\phpStudy4IIS\tmp\tmp\sess_c8msac9eioohhh8edmuocjds77, O_RDWR) failed: No such file or directory (2) D:\phpStudy\WWW\POAAdmin\ThinkPHP\Common\functions.php 第 1261 行.
SQL: SELECT   column_name,   data_type,   column_default,   is_nullable
        FROM    information_schema.tables AS t
        JOIN    information_schema.columns AS c
        ON  t.table_catalog = c.table_catalog
        AND t.table_schema  = c.table_schema
        AND t.table_name    = c.table_name
        WHERE   t.table_name = 'basic_object' [ RunTime:0.0353s ]
NOTIC: [8] Undefined index: db_port D:\phpStudy\WWW\POAAdmin\ThinkPHP\Library\Think\Db.class.php 第 67 行.
SQL: SELECT   column_name,   data_type,   column_default,   is_nullable
        FROM    information_schema.tables AS t
        JOIN    information_schema.columns AS c
        ON  t.table_catalog = c.table_catalog
        AND t.table_schema  = c.table_schema
        AND t.table_name    = c.table_name
        WHERE   t.table_name = 'deptgoals' [ RunTime:0.0240s ]
SQL: SELECT T1.* FROM (SELECT thinkphp.*, ROW_NUMBER() OVER ( ORDER BY rand()) AS ROW_NUMBER FROM (SELECT  [deptcode],[yearmonth],[totaltvaluetarget] FROM [deptgoals] WHERE [DeptCode] = null) AS thinkphp) AS T1  [ RunTime:0.0013s ]

[ 2015-09-29T14:41:39+08:00 ] ::1 /POAAdmin/index.php/Home/Setting/getDeptGoal/DeptCode/10025
INFO: [ app_init ] --START--
INFO: Run Behavior\BuildLiteBehavior [ RunTime:0.000020s ]
INFO: [ app_init ] --END-- [ RunTime:0.000590s ]
INFO: [ app_begin ] --START--
INFO: Run Behavior\ReadHtmlCacheBehavior [ RunTime:0.000808s ]
INFO: [ app_begin ] --END-- [ RunTime:0.000881s ]
NOTIC: [2] session_start(): open(D:\phpStudy4IIS\tmp\tmp\sess_c8msac9eioohhh8edmuocjds77, O_RDWR) failed: No such file or directory (2) D:\phpStudy\WWW\POAAdmin\ThinkPHP\Common\functions.php 第 1261 行.
SQL: SELECT   column_name,   data_type,   column_default,   is_nullable
        FROM    information_schema.tables AS t
        JOIN    information_schema.columns AS c
        ON  t.table_catalog = c.table_catalog
        AND t.table_schema  = c.table_schema
        AND t.table_name    = c.table_name
        WHERE   t.table_name = 'basic_object' [ RunTime:0.0300s ]
NOTIC: [8] Undefined index: db_port D:\phpStudy\WWW\POAAdmin\ThinkPHP\Library\Think\Db.class.php 第 67 行.
SQL: SELECT   column_name,   data_type,   column_default,   is_nullable
        FROM    information_schema.tables AS t
        JOIN    information_schema.columns AS c
        ON  t.table_catalog = c.table_catalog
        AND t.table_schema  = c.table_schema
        AND t.table_name    = c.table_name
        WHERE   t.table_name = 'deptgoals' [ RunTime:0.6434s ]
SQL: SELECT T1.* FROM (SELECT thinkphp.*, ROW_NUMBER() OVER ( ORDER BY rand()) AS ROW_NUMBER FROM (SELECT  [deptcode],[yearmonth],[totaltvaluetarget] FROM [deptgoals] WHERE [DeptCode] = '10025') AS thinkphp) AS T1  [ RunTime:0.0083s ]

